producer_class	xtools.gsea.Gsea
producer_timestamp	1519396066257
param	collapse	false
param	cls	/Users/iboy/Documents/HR/research/proteomicsIntro/GSEA/classif.cls#ko_versus_norm
param	plot_top_x	20
param	norm	meandiv
param	save_rnd_lists	false
param	median	false
param	num	100
param	scoring_scheme	weighted
param	make_sets	true
param	mode	Max_probe
param	gmx	gseaftp.broadinstitute.org://pub/gsea/gene_sets_final/c2.cp.v6.1.symbols.gmt
param	gui	false
param	chip	/Users/iboy/Documents/HR/research/proteomicsIntro/GSEA/GENE_SYMBOL.chip
param	metric	log2_Ratio_of_Classes
param	rpt_label	my_analysis
param	help	false
param	order	descending
param	out	/Users/iboy/gsea_home/output/feb23
param	create_svgs	false
param	permute	phenotype
param	rnd_type	no_balance
param	set_min	5
param	include_only_symbols	true
param	sort	real
param	create_gcts	false
param	rnd_seed	timestamp
param	nperm	1000
param	zip_report	false
param	set_max	2000
param	res	/Users/iboy/Documents/HR/research/proteomicsIntro/GSEA/data3.txt

file	/Users/iboy/gsea_home/output/feb23/my_analysis.Gsea.1519396066257/index.html
